{"C:\\Users\\devloop\\Desktop\\react-apps\\gifs-app\\src\\GifsApp.tsx": {"path":"C:\\Users\\devloop\\Desktop\\react-apps\\gifs-app\\src\\GifsApp.tsx","all":false,"statementMap":{"1":{"start":{"line":2,"column":0},"end":{"line":2,"column":48}},"2":{"start":{"line":3,"column":0},"end":{"line":3,"column":66}},"3":{"start":{"line":4,"column":0},"end":{"line":4,"column":45}},"4":{"start":{"line":5,"column":0},"end":{"line":5,"column":56}},"5":{"start":{"line":6,"column":0},"end":{"line":6,"column":54}},"6":{"start":{"line":7,"column":0},"end":{"line":7,"column":23}},"7":{"start":{"line":8,"column":0},"end":{"line":8,"column":85}},"8":{"start":{"line":9,"column":0},"end":{"line":9,"column":12}},"9":{"start":{"line":10,"column":0},"end":{"line":10,"column":10}},"11":{"start":{"line":12,"column":0},"end":{"line":12,"column":95}},"13":{"start":{"line":14,"column":0},"end":{"line":14,"column":96}},"15":{"start":{"line":16,"column":0},"end":{"line":16,"column":83}},"16":{"start":{"line":17,"column":0},"end":{"line":17,"column":52}},"17":{"start":{"line":18,"column":0},"end":{"line":18,"column":35}},"19":{"start":{"line":20,"column":0},"end":{"line":20,"column":1}},"23":{"start":{"line":24,"column":0},"end":{"line":24,"column":22}}},"s":{"1":1,"2":1,"3":1,"4":1,"5":1,"6":1,"7":2,"8":2,"9":2,"11":2,"13":2,"15":2,"16":2,"17":2,"19":2,"23":1},"branchMap":{"0":{"type":"branch","line":7,"loc":{"start":{"line":7,"column":16},"end":{"line":20,"column":1}},"locations":[{"start":{"line":7,"column":16},"end":{"line":20,"column":1}}]}},"b":{"0":[2]},"fnMap":{"0":{"name":"GifsApp","decl":{"start":{"line":7,"column":16},"end":{"line":20,"column":1}},"loc":{"start":{"line":7,"column":16},"end":{"line":20,"column":1}},"line":7}},"f":{"0":2}}
,"C:\\Users\\devloop\\Desktop\\react-apps\\gifs-app\\src\\main.tsx": {"path":"C:\\Users\\devloop\\Desktop\\react-apps\\gifs-app\\src\\main.tsx","all":true,"statementMap":{"0":{"start":{"line":1,"column":0},"end":{"line":1,"column":34}},"1":{"start":{"line":2,"column":0},"end":{"line":2,"column":45}},"2":{"start":{"line":3,"column":0},"end":{"line":3,"column":31}},"3":{"start":{"line":4,"column":0},"end":{"line":4,"column":21}},"4":{"start":{"line":5,"column":0},"end":{"line":5,"column":72}},"5":{"start":{"line":6,"column":0},"end":{"line":6,"column":14}},"6":{"start":{"line":7,"column":0},"end":{"line":7,"column":14}}},"s":{"0":0,"1":0,"2":0,"3":0,"4":0,"5":0,"6":0},"branchMap":{"0":{"type":"branch","line":1,"loc":{"start":{"line":1,"column":256},"end":{"line":9,"column":1}},"locations":[{"start":{"line":1,"column":256},"end":{"line":9,"column":1}}]}},"b":{"0":[0]},"fnMap":{"0":{"name":"(empty-report)","decl":{"start":{"line":1,"column":256},"end":{"line":9,"column":1}},"loc":{"start":{"line":1,"column":256},"end":{"line":9,"column":1}},"line":1}},"f":{"0":0}}
,"C:\\Users\\devloop\\Desktop\\react-apps\\gifs-app\\src\\gifs\\actions\\get-gifs-by-query.action.ts": {"path":"C:\\Users\\devloop\\Desktop\\react-apps\\gifs-app\\src\\gifs\\actions\\get-gifs-by-query.action.ts","all":false,"statementMap":{"2":{"start":{"line":3,"column":0},"end":{"line":3,"column":40}},"4":{"start":{"line":5,"column":0},"end":{"line":5,"column":72}},"6":{"start":{"line":7,"column":0},"end":{"line":7,"column":26}},"7":{"start":{"line":8,"column":0},"end":{"line":8,"column":54}},"10":{"start":{"line":11,"column":0},"end":{"line":11,"column":9}},"11":{"start":{"line":12,"column":0},"end":{"line":12,"column":65}},"12":{"start":{"line":13,"column":0},"end":{"line":13,"column":21}},"13":{"start":{"line":14,"column":0},"end":{"line":14,"column":32}},"14":{"start":{"line":15,"column":0},"end":{"line":15,"column":25}},"15":{"start":{"line":16,"column":0},"end":{"line":16,"column":26}},"16":{"start":{"line":17,"column":0},"end":{"line":17,"column":26}},"17":{"start":{"line":18,"column":0},"end":{"line":18,"column":26}},"18":{"start":{"line":19,"column":0},"end":{"line":19,"column":13}},"19":{"start":{"line":20,"column":0},"end":{"line":20,"column":11}},"20":{"start":{"line":21,"column":0},"end":{"line":21,"column":58}},"22":{"start":{"line":23,"column":0},"end":{"line":23,"column":47}},"23":{"start":{"line":24,"column":0},"end":{"line":24,"column":23}},"24":{"start":{"line":25,"column":0},"end":{"line":25,"column":29}},"25":{"start":{"line":26,"column":0},"end":{"line":26,"column":41}},"26":{"start":{"line":27,"column":0},"end":{"line":27,"column":53}},"27":{"start":{"line":28,"column":0},"end":{"line":28,"column":54}},"28":{"start":{"line":29,"column":0},"end":{"line":29,"column":21}},"29":{"start":{"line":30,"column":0},"end":{"line":30,"column":21}},"30":{"start":{"line":31,"column":0},"end":{"line":31,"column":53}},"31":{"start":{"line":32,"column":0},"end":{"line":32,"column":9}},"32":{"start":{"line":33,"column":0},"end":{"line":33,"column":26}},"34":{"start":{"line":35,"column":0},"end":{"line":35,"column":5}},"37":{"start":{"line":38,"column":0},"end":{"line":38,"column":2}}},"s":{"2":1,"4":1,"6":19,"7":19,"10":19,"11":19,"12":19,"13":19,"14":19,"15":19,"16":19,"17":19,"18":19,"19":19,"20":17,"22":17,"23":150,"24":150,"25":150,"26":150,"27":150,"28":150,"29":19,"30":2,"31":2,"32":2,"34":2,"37":19},"branchMap":{"0":{"type":"branch","line":5,"loc":{"start":{"line":5,"column":30},"end":{"line":38,"column":2}},"locations":[{"start":{"line":5,"column":30},"end":{"line":38,"column":2}}]},"1":{"type":"branch","line":20,"loc":{"start":{"line":20,"column":8},"end":{"line":30,"column":6}},"locations":[{"start":{"line":20,"column":8},"end":{"line":30,"column":6}}]},"2":{"type":"branch","line":30,"loc":{"start":{"line":30,"column":6},"end":{"line":35,"column":5}},"locations":[{"start":{"line":30,"column":6},"end":{"line":35,"column":5}}]},"3":{"type":"branch","line":23,"loc":{"start":{"line":23,"column":38},"end":{"line":29,"column":21}},"locations":[{"start":{"line":23,"column":38},"end":{"line":29,"column":21}}]}},"b":{"0":[19],"1":[17],"2":[2],"3":[150]},"fnMap":{"0":{"name":"getGifsByQuery","decl":{"start":{"line":5,"column":30},"end":{"line":38,"column":2}},"loc":{"start":{"line":5,"column":30},"end":{"line":38,"column":2}},"line":5}},"f":{"0":19}}
,"C:\\Users\\devloop\\Desktop\\react-apps\\gifs-app\\src\\gifs\\actions\\giphy.api-.ts": {"path":"C:\\Users\\devloop\\Desktop\\react-apps\\gifs-app\\src\\gifs\\actions\\giphy.api-.ts","all":false,"statementMap":{"0":{"start":{"line":1,"column":0},"end":{"line":1,"column":26}},"2":{"start":{"line":3,"column":0},"end":{"line":3,"column":39}},"3":{"start":{"line":4,"column":0},"end":{"line":4,"column":48}},"4":{"start":{"line":5,"column":0},"end":{"line":5,"column":13}},"5":{"start":{"line":6,"column":0},"end":{"line":6,"column":19}},"6":{"start":{"line":7,"column":0},"end":{"line":7,"column":52}},"7":{"start":{"line":8,"column":0},"end":{"line":8,"column":6}},"8":{"start":{"line":9,"column":0},"end":{"line":9,"column":3}}},"s":{"0":1,"2":1,"3":1,"4":1,"5":1,"6":1,"7":1,"8":1},"branchMap":{},"b":{},"fnMap":{},"f":{}}
,"C:\\Users\\devloop\\Desktop\\react-apps\\gifs-app\\src\\gifs\\components\\GifList.tsx": {"path":"C:\\Users\\devloop\\Desktop\\react-apps\\gifs-app\\src\\gifs\\components\\GifList.tsx","all":false,"statementMap":{"6":{"start":{"line":7,"column":0},"end":{"line":7,"column":42}},"7":{"start":{"line":8,"column":0},"end":{"line":8,"column":12}},"8":{"start":{"line":9,"column":0},"end":{"line":9,"column":40}},"9":{"start":{"line":10,"column":0},"end":{"line":10,"column":31}},"10":{"start":{"line":11,"column":0},"end":{"line":11,"column":55}},"11":{"start":{"line":12,"column":0},"end":{"line":12,"column":95}},"12":{"start":{"line":13,"column":0},"end":{"line":13,"column":40}},"13":{"start":{"line":14,"column":0},"end":{"line":14,"column":61}},"18":{"start":{"line":19,"column":0},"end":{"line":19,"column":1}},"20":{"start":{"line":21,"column":0},"end":{"line":21,"column":22}}},"s":{"6":2,"7":2,"8":2,"9":2,"10":2,"11":2,"12":2,"13":2,"18":2,"20":1},"branchMap":{"0":{"type":"branch","line":7,"loc":{"start":{"line":7,"column":0},"end":{"line":19,"column":1}},"locations":[{"start":{"line":7,"column":0},"end":{"line":19,"column":1}}]}},"b":{"0":[2]},"fnMap":{"0":{"name":"GifList","decl":{"start":{"line":7,"column":0},"end":{"line":19,"column":1}},"loc":{"start":{"line":7,"column":0},"end":{"line":19,"column":1}},"line":7}},"f":{"0":2}}
,"C:\\Users\\devloop\\Desktop\\react-apps\\gifs-app\\src\\gifs\\components\\previousSearches.tsx": {"path":"C:\\Users\\devloop\\Desktop\\react-apps\\gifs-app\\src\\gifs\\components\\previousSearches.tsx","all":false,"statementMap":{"7":{"start":{"line":8,"column":0},"end":{"line":8,"column":101}},"8":{"start":{"line":9,"column":0},"end":{"line":9,"column":12}},"9":{"start":{"line":10,"column":0},"end":{"line":10,"column":43}},"10":{"start":{"line":11,"column":0},"end":{"line":11,"column":28}},"11":{"start":{"line":12,"column":0},"end":{"line":12,"column":51}},"12":{"start":{"line":13,"column":0},"end":{"line":13,"column":50}},"13":{"start":{"line":14,"column":0},"end":{"line":14,"column":89}},"18":{"start":{"line":19,"column":0},"end":{"line":19,"column":1}},"20":{"start":{"line":21,"column":0},"end":{"line":21,"column":33}},"21":{"start":{"line":22,"column":0},"end":{"line":22,"column":31}},"22":{"start":{"line":23,"column":0},"end":{"line":23,"column":60}},"23":{"start":{"line":24,"column":0},"end":{"line":24,"column":1}}},"s":{"7":1,"8":2,"9":2,"10":2,"11":2,"12":2,"13":2,"18":2,"20":1,"21":1,"22":1,"23":1},"branchMap":{"0":{"type":"branch","line":8,"loc":{"start":{"line":8,"column":15},"end":{"line":19,"column":1}},"locations":[{"start":{"line":8,"column":15},"end":{"line":19,"column":1}}]}},"b":{"0":[2]},"fnMap":{"0":{"name":"PreviousSearches","decl":{"start":{"line":8,"column":15},"end":{"line":19,"column":1}},"loc":{"start":{"line":8,"column":15},"end":{"line":19,"column":1}},"line":8}},"f":{"0":2}}
,"C:\\Users\\devloop\\Desktop\\react-apps\\gifs-app\\src\\gifs\\hooks\\useGif.tsx": {"path":"C:\\Users\\devloop\\Desktop\\react-apps\\gifs-app\\src\\gifs\\hooks\\useGif.tsx","all":false,"statementMap":{"0":{"start":{"line":1,"column":0},"end":{"line":1,"column":57}},"1":{"start":{"line":2,"column":0},"end":{"line":2,"column":69}},"3":{"start":{"line":4,"column":0},"end":{"line":4,"column":29}},"7":{"start":{"line":8,"column":0},"end":{"line":8,"column":48}},"9":{"start":{"line":10,"column":0},"end":{"line":10,"column":75}},"11":{"start":{"line":12,"column":0},"end":{"line":12,"column":102}},"13":{"start":{"line":14,"column":0},"end":{"line":14,"column":57}},"14":{"start":{"line":15,"column":0},"end":{"line":15,"column":46}},"15":{"start":{"line":16,"column":0},"end":{"line":16,"column":40}},"16":{"start":{"line":17,"column":0},"end":{"line":17,"column":47}},"17":{"start":{"line":18,"column":0},"end":{"line":18,"column":19}},"18":{"start":{"line":19,"column":0},"end":{"line":19,"column":9}},"19":{"start":{"line":20,"column":0},"end":{"line":20,"column":50}},"20":{"start":{"line":21,"column":0},"end":{"line":21,"column":41}},"21":{"start":{"line":22,"column":0},"end":{"line":22,"column":22}},"22":{"start":{"line":23,"column":0},"end":{"line":23,"column":6}},"24":{"start":{"line":25,"column":0},"end":{"line":25,"column":58}},"26":{"start":{"line":27,"column":0},"end":{"line":27,"column":56}},"28":{"start":{"line":29,"column":0},"end":{"line":29,"column":75}},"31":{"start":{"line":32,"column":0},"end":{"line":32,"column":74}},"33":{"start":{"line":34,"column":0},"end":{"line":34,"column":70}},"35":{"start":{"line":36,"column":0},"end":{"line":36,"column":49}},"37":{"start":{"line":38,"column":0},"end":{"line":38,"column":22}},"38":{"start":{"line":39,"column":0},"end":{"line":39,"column":40}},"39":{"start":{"line":40,"column":0},"end":{"line":40,"column":45}},"42":{"start":{"line":43,"column":0},"end":{"line":43,"column":6}},"45":{"start":{"line":46,"column":0},"end":{"line":46,"column":86}},"46":{"start":{"line":47,"column":0},"end":{"line":47,"column":2}}},"s":{"0":1,"1":1,"3":1,"7":17,"9":17,"11":17,"13":17,"14":1,"15":1,"16":1,"17":1,"18":1,"19":0,"20":0,"21":0,"22":0,"24":17,"26":10,"28":10,"31":10,"33":10,"35":10,"37":10,"38":10,"39":10,"42":10,"45":17,"46":17},"branchMap":{"0":{"type":"branch","line":4,"loc":{"start":{"line":4,"column":22},"end":{"line":47,"column":2}},"locations":[{"start":{"line":4,"column":22},"end":{"line":47,"column":2}}]},"1":{"type":"branch","line":14,"loc":{"start":{"line":14,"column":30},"end":{"line":23,"column":6}},"locations":[{"start":{"line":14,"column":30},"end":{"line":23,"column":6}}]},"2":{"type":"branch","line":19,"loc":{"start":{"line":19,"column":8},"end":{"line":23,"column":6}},"locations":[{"start":{"line":19,"column":8},"end":{"line":23,"column":6}}]},"3":{"type":"branch","line":25,"loc":{"start":{"line":25,"column":31},"end":{"line":43,"column":6}},"locations":[{"start":{"line":25,"column":31},"end":{"line":43,"column":6}}]},"4":{"type":"branch","line":29,"loc":{"start":{"line":29,"column":68},"end":{"line":29,"column":75}},"locations":[{"start":{"line":29,"column":68},"end":{"line":29,"column":75}}]},"5":{"type":"branch","line":32,"loc":{"start":{"line":32,"column":56},"end":{"line":32,"column":74}},"locations":[{"start":{"line":32,"column":56},"end":{"line":32,"column":74}}]}},"b":{"0":[17],"1":[1],"2":[0],"3":[10],"4":[0],"5":[28]},"fnMap":{"0":{"name":"useGif","decl":{"start":{"line":4,"column":22},"end":{"line":47,"column":2}},"loc":{"start":{"line":4,"column":22},"end":{"line":47,"column":2}},"line":4},"1":{"name":"handleSearchClick","decl":{"start":{"line":14,"column":30},"end":{"line":23,"column":6}},"loc":{"start":{"line":14,"column":30},"end":{"line":23,"column":6}},"line":14},"2":{"name":"handleSearchSubmit","decl":{"start":{"line":25,"column":31},"end":{"line":43,"column":6}},"loc":{"start":{"line":25,"column":31},"end":{"line":43,"column":6}},"line":25}},"f":{"0":17,"1":1,"2":10}}
,"C:\\Users\\devloop\\Desktop\\react-apps\\gifs-app\\src\\gifs\\interfaces\\gif.interface.ts": {"path":"C:\\Users\\devloop\\Desktop\\react-apps\\gifs-app\\src\\gifs\\interfaces\\gif.interface.ts","all":true,"statementMap":{},"s":{},"branchMap":{"0":{"type":"branch","line":1,"loc":{"start":{"line":1,"column":121},"end":{"line":7,"column":1}},"locations":[{"start":{"line":1,"column":121},"end":{"line":7,"column":1}}]}},"b":{"0":[1]},"fnMap":{"0":{"name":"(empty-report)","decl":{"start":{"line":1,"column":121},"end":{"line":7,"column":1}},"loc":{"start":{"line":1,"column":121},"end":{"line":7,"column":1}},"line":1}},"f":{"0":1}}
,"C:\\Users\\devloop\\Desktop\\react-apps\\gifs-app\\src\\gifs\\interfaces\\giphy.response.ts": {"path":"C:\\Users\\devloop\\Desktop\\react-apps\\gifs-app\\src\\gifs\\interfaces\\giphy.response.ts","all":true,"statementMap":{},"s":{},"branchMap":{"0":{"type":"branch","line":1,"loc":{"start":{"line":1,"column":3086},"end":{"line":137,"column":1}},"locations":[{"start":{"line":1,"column":3086},"end":{"line":137,"column":1}}]}},"b":{"0":[1]},"fnMap":{"0":{"name":"(empty-report)","decl":{"start":{"line":1,"column":3086},"end":{"line":137,"column":1}},"loc":{"start":{"line":1,"column":3086},"end":{"line":137,"column":1}},"line":1}},"f":{"0":1}}
,"C:\\Users\\devloop\\Desktop\\react-apps\\gifs-app\\src\\mock-data\\gifs.mock.ts": {"path":"C:\\Users\\devloop\\Desktop\\react-apps\\gifs-app\\src\\mock-data\\gifs.mock.ts","all":false,"statementMap":{"8":{"start":{"line":9,"column":0},"end":{"line":9,"column":32}},"9":{"start":{"line":10,"column":0},"end":{"line":10,"column":3}},"10":{"start":{"line":11,"column":0},"end":{"line":11,"column":12}},"11":{"start":{"line":12,"column":0},"end":{"line":12,"column":29}},"12":{"start":{"line":13,"column":0},"end":{"line":13,"column":185}},"13":{"start":{"line":14,"column":0},"end":{"line":14,"column":15}},"14":{"start":{"line":15,"column":0},"end":{"line":15,"column":16}},"15":{"start":{"line":16,"column":0},"end":{"line":16,"column":4}},"16":{"start":{"line":17,"column":0},"end":{"line":17,"column":3}},"17":{"start":{"line":18,"column":0},"end":{"line":18,"column":12}},"18":{"start":{"line":19,"column":0},"end":{"line":19,"column":23}},"19":{"start":{"line":20,"column":0},"end":{"line":20,"column":70}},"20":{"start":{"line":21,"column":0},"end":{"line":21,"column":15}},"21":{"start":{"line":22,"column":0},"end":{"line":22,"column":16}},"22":{"start":{"line":23,"column":0},"end":{"line":23,"column":4}},"23":{"start":{"line":24,"column":0},"end":{"line":24,"column":3}},"24":{"start":{"line":25,"column":0},"end":{"line":25,"column":12}},"25":{"start":{"line":26,"column":0},"end":{"line":26,"column":25}},"26":{"start":{"line":27,"column":0},"end":{"line":27,"column":185}},"27":{"start":{"line":28,"column":0},"end":{"line":28,"column":15}},"28":{"start":{"line":29,"column":0},"end":{"line":29,"column":16}},"29":{"start":{"line":30,"column":0},"end":{"line":30,"column":4}},"30":{"start":{"line":31,"column":0},"end":{"line":31,"column":3}},"31":{"start":{"line":32,"column":0},"end":{"line":32,"column":12}},"32":{"start":{"line":33,"column":0},"end":{"line":33,"column":23}},"33":{"start":{"line":34,"column":0},"end":{"line":34,"column":70}},"34":{"start":{"line":35,"column":0},"end":{"line":35,"column":15}},"35":{"start":{"line":36,"column":0},"end":{"line":36,"column":16}},"36":{"start":{"line":37,"column":0},"end":{"line":37,"column":4}},"37":{"start":{"line":38,"column":0},"end":{"line":38,"column":3}},"38":{"start":{"line":39,"column":0},"end":{"line":39,"column":12}},"39":{"start":{"line":40,"column":0},"end":{"line":40,"column":30}},"40":{"start":{"line":41,"column":0},"end":{"line":41,"column":185}},"41":{"start":{"line":42,"column":0},"end":{"line":42,"column":15}},"42":{"start":{"line":43,"column":0},"end":{"line":43,"column":16}},"43":{"start":{"line":44,"column":0},"end":{"line":44,"column":4}},"44":{"start":{"line":45,"column":0},"end":{"line":45,"column":3}},"45":{"start":{"line":46,"column":0},"end":{"line":46,"column":12}},"46":{"start":{"line":47,"column":0},"end":{"line":47,"column":31}},"47":{"start":{"line":48,"column":0},"end":{"line":48,"column":185}},"48":{"start":{"line":49,"column":0},"end":{"line":49,"column":15}},"49":{"start":{"line":50,"column":0},"end":{"line":50,"column":16}},"50":{"start":{"line":51,"column":0},"end":{"line":51,"column":4}},"51":{"start":{"line":52,"column":0},"end":{"line":52,"column":2}}},"s":{"8":1,"9":1,"10":1,"11":1,"12":1,"13":1,"14":1,"15":1,"16":1,"17":1,"18":1,"19":1,"20":1,"21":1,"22":1,"23":1,"24":1,"25":1,"26":1,"27":1,"28":1,"29":1,"30":1,"31":1,"32":1,"33":1,"34":1,"35":1,"36":1,"37":1,"38":1,"39":1,"40":1,"41":1,"42":1,"43":1,"44":1,"45":1,"46":1,"47":1,"48":1,"49":1,"50":1,"51":1},"branchMap":{},"b":{},"fnMap":{},"f":{}}
,"C:\\Users\\devloop\\Desktop\\react-apps\\gifs-app\\src\\shared\\components\\GifsHeader.tsx": {"path":"C:\\Users\\devloop\\Desktop\\react-apps\\gifs-app\\src\\shared\\components\\GifsHeader.tsx","all":false,"statementMap":{"4":{"start":{"line":5,"column":0},"end":{"line":5,"column":65}},"5":{"start":{"line":6,"column":0},"end":{"line":6,"column":12}},"6":{"start":{"line":7,"column":0},"end":{"line":7,"column":40}},"7":{"start":{"line":8,"column":0},"end":{"line":8,"column":28}},"8":{"start":{"line":9,"column":0},"end":{"line":9,"column":32}},"11":{"start":{"line":12,"column":0},"end":{"line":12,"column":2}},"13":{"start":{"line":14,"column":0},"end":{"line":14,"column":26}}},"s":{"4":1,"5":13,"6":13,"7":13,"8":13,"11":13,"13":1},"branchMap":{"0":{"type":"branch","line":5,"loc":{"start":{"line":5,"column":19},"end":{"line":12,"column":2}},"locations":[{"start":{"line":5,"column":19},"end":{"line":12,"column":2}}]}},"b":{"0":[13]},"fnMap":{"0":{"name":"GifsHeader","decl":{"start":{"line":5,"column":19},"end":{"line":12,"column":2}},"loc":{"start":{"line":5,"column":19},"end":{"line":12,"column":2}},"line":5}},"f":{"0":13}}
,"C:\\Users\\devloop\\Desktop\\react-apps\\gifs-app\\src\\shared\\components\\SearchBar.tsx": {"path":"C:\\Users\\devloop\\Desktop\\react-apps\\gifs-app\\src\\shared\\components\\SearchBar.tsx","all":false,"statementMap":{"0":{"start":{"line":1,"column":0},"end":{"line":1,"column":44}},"7":{"start":{"line":8,"column":0},"end":{"line":8,"column":84}},"8":{"start":{"line":9,"column":0},"end":{"line":9,"column":61}},"10":{"start":{"line":11,"column":0},"end":{"line":11,"column":50}},"11":{"start":{"line":12,"column":0},"end":{"line":12,"column":27}},"12":{"start":{"line":13,"column":0},"end":{"line":13,"column":35}},"13":{"start":{"line":14,"column":0},"end":{"line":14,"column":53}},"14":{"start":{"line":15,"column":0},"end":{"line":15,"column":26}},"15":{"start":{"line":16,"column":0},"end":{"line":16,"column":6}},"17":{"start":{"line":18,"column":0},"end":{"line":18,"column":21}},"18":{"start":{"line":19,"column":0},"end":{"line":19,"column":40}},"19":{"start":{"line":20,"column":0},"end":{"line":20,"column":52}},"20":{"start":{"line":21,"column":0},"end":{"line":21,"column":39}},"21":{"start":{"line":22,"column":0},"end":{"line":22,"column":16}},"23":{"start":{"line":24,"column":0},"end":{"line":24,"column":22}},"24":{"start":{"line":25,"column":0},"end":{"line":25,"column":32}},"25":{"start":{"line":26,"column":0},"end":{"line":26,"column":68}},"26":{"start":{"line":27,"column":0},"end":{"line":27,"column":10}},"27":{"start":{"line":28,"column":0},"end":{"line":28,"column":37}},"29":{"start":{"line":30,"column":0},"end":{"line":30,"column":12}},"30":{"start":{"line":31,"column":0},"end":{"line":31,"column":67}},"31":{"start":{"line":32,"column":0},"end":{"line":32,"column":123}},"32":{"start":{"line":33,"column":0},"end":{"line":33,"column":74}},"33":{"start":{"line":34,"column":0},"end":{"line":34,"column":59}},"36":{"start":{"line":37,"column":0},"end":{"line":37,"column":1}}},"s":{"0":1,"7":1,"8":14,"10":14,"11":1,"12":1,"13":1,"14":1,"15":1,"17":14,"18":14,"19":2,"20":2,"21":14,"23":14,"24":13,"25":13,"26":13,"27":14,"29":14,"30":14,"31":14,"32":14,"33":14,"36":14},"branchMap":{"0":{"type":"branch","line":8,"loc":{"start":{"line":8,"column":15},"end":{"line":37,"column":1}},"locations":[{"start":{"line":8,"column":15},"end":{"line":37,"column":1}}]},"1":{"type":"branch","line":11,"loc":{"start":{"line":11,"column":25},"end":{"line":16,"column":6}},"locations":[{"start":{"line":11,"column":25},"end":{"line":16,"column":6}}]},"2":{"type":"branch","line":18,"loc":{"start":{"line":18,"column":14},"end":{"line":28,"column":7}},"locations":[{"start":{"line":18,"column":14},"end":{"line":28,"column":7}}]},"3":{"type":"branch","line":19,"loc":{"start":{"line":19,"column":33},"end":{"line":22,"column":11}},"locations":[{"start":{"line":19,"column":33},"end":{"line":22,"column":11}}]},"4":{"type":"branch","line":24,"loc":{"start":{"line":24,"column":15},"end":{"line":27,"column":10}},"locations":[{"start":{"line":24,"column":15},"end":{"line":27,"column":10}}]},"5":{"type":"branch","line":32,"loc":{"start":{"line":32,"column":86},"end":{"line":32,"column":123}},"locations":[{"start":{"line":32,"column":86},"end":{"line":32,"column":123}}]}},"b":{"0":[14],"1":[1],"2":[14],"3":[2],"4":[13],"5":[6]},"fnMap":{"0":{"name":"SearchBar","decl":{"start":{"line":8,"column":15},"end":{"line":37,"column":1}},"loc":{"start":{"line":8,"column":15},"end":{"line":37,"column":1}},"line":8},"1":{"name":"handleSubmit","decl":{"start":{"line":11,"column":25},"end":{"line":16,"column":6}},"loc":{"start":{"line":11,"column":25},"end":{"line":16,"column":6}},"line":11},"2":{"name":"onChange","decl":{"start":{"line":32,"column":86},"end":{"line":32,"column":123}},"loc":{"start":{"line":32,"column":86},"end":{"line":32,"column":123}},"line":32},"3":{"name":"onKeyDown","decl":{"start":{"line":33,"column":27},"end":{"line":33,"column":74}},"loc":{"start":{"line":33,"column":27},"end":{"line":33,"column":74}},"line":33}},"f":{"0":14,"1":1,"2":6,"3":0}}
}
